<?xml version="1.0" encoding="UTF-8"?>
<!-- Generated by org.testng.reporters.JUnitXMLReporter -->
<testsuite ignored="0" hostname="DESKTOP-D242PPA" failures="1" tests="2" name="Test" time="15.169" errors="0" timestamp="2025-05-14T15:40:50 IST">
  <testcase classname="TestNG.parallelbrowser" name="testlogo" time="9.094">
    <failure type="java.lang.AssertionError" message="expected [true] but found [false]">
      <![CDATA[java.lang.AssertionError: expected [true] but found [false]
at TestNG.parallelbrowser.testlogo(parallelbrowser.java:28)
at java.base/java.util.ArrayList.forEach(ArrayList.java:1596)
... Removed 32 stack frames]]>
    </failure>
  </testcase> <!-- testlogo -->
  <testcase classname="TestNG.parallelbrowser" name="title" time="0.069"/>
</testsuite> <!-- Test -->
