<?xml version="1.0" encoding="UTF-8"?>
<!-- Generated by org.testng.reporters.JUnitXMLReporter -->
<testsuite ignored="0" hostname="DESKTOP-D242PPA" failures="1" tests="2" name="Test2" time="5.597" errors="0" timestamp="2025-05-12T23:54:52 IST">
  <testcase classname="TestNG.parallelbrowser" name="testlogo" time="0.961">
    <failure type="java.lang.AssertionError" message="expected [true] but found [false]">
      <![CDATA[java.lang.AssertionError: expected [true] but found [false]
at TestNG.parallelbrowser.testlogo(parallelbrowser.java:36)
at java.base/java.util.ArrayList.forEach(ArrayList.java:1596)
... Removed 32 stack frames]]>
    </failure>
  </testcase> <!-- testlogo -->
  <testcase classname="TestNG.parallelbrowser" name="title" time="0.043"/>
</testsuite> <!-- Test2 -->
