<?xml version="1.0" encoding="UTF-8"?>
<testng-results ignored="0" total="2" passed="2" failed="0" skipped="0">
  <reporter-output>
  </reporter-output>
  <suite started-at="2025-05-23T08:28:47 IST" name="Default suite" finished-at="2025-05-23T08:29:29 IST" duration-ms="41319">
    <groups>
    </groups>
    <test started-at="2025-05-23T08:28:47 IST" name="Default test" finished-at="2025-05-23T08:29:29 IST" duration-ms="41319">
      <class name="TestNG.orangeHRM">
        <test-method signature="openapp()[pri:1, instance:TestNG.orangeHRM@6adbc9d]" started-at="2025-05-23T08:28:47 IST" name="openapp" finished-at="2025-05-23T08:29:29 IST" duration-ms="41171" status="PASS">
          <reporter-output>
          </reporter-output>
        </test-method> <!-- openapp -->
        <test-method signature="title()[pri:2, instance:TestNG.orangeHRM@6adbc9d]" started-at="2025-05-23T08:29:29 IST" name="title" finished-at="2025-05-23T08:29:29 IST" duration-ms="22" status="PASS">
          <reporter-output>
          </reporter-output>
        </test-method> <!-- title -->
      </class> <!-- TestNG.orangeHRM -->
    </test> <!-- Default test -->
  </suite> <!-- Default suite -->
</testng-results>
